[1.233s] Invoking command in '/home/rqxx/roscv/src/ros__cv': PYTHONPATH=/home/rqxx/roscv/build/ros2cv/prefix_override:/usr/lib/python3/dist-packages/colcon_core/task/python/colcon_distutils_commands:/home/rqxx/roscv/install/ros2cv/lib/python3.8/site-packages:${PYTHONPATH} /usr/bin/python3 -W ignore:setup.py install is deprecated setup.py egg_info --egg-base ../../build/ros2cv build --build-base /home/rqxx/roscv/build/ros2cv/build install --record /home/rqxx/roscv/build/ros2cv/install.log --install-scripts $base/lib/ros2cv --single-version-externally-managed install_data
[1.571s] running egg_info
[1.573s] writing ../../build/ros2cv/ros2cv.egg-info/PKG-INFO
[1.575s] writing dependency_links to ../../build/ros2cv/ros2cv.egg-info/dependency_links.txt
[1.576s] writing entry points to ../../build/ros2cv/ros2cv.egg-info/entry_points.txt
[1.578s] writing requirements to ../../build/ros2cv/ros2cv.egg-info/requires.txt
[1.579s] writing top-level names to ../../build/ros2cv/ros2cv.egg-info/top_level.txt
[1.651s] reading manifest file '../../build/ros2cv/ros2cv.egg-info/SOURCES.txt'
[1.653s] writing manifest file '../../build/ros2cv/ros2cv.egg-info/SOURCES.txt'
[1.655s] running build
[1.656s] running build_py
[1.656s] copying ros2cv/roscv.py -> /home/rqxx/roscv/build/ros2cv/build/lib/ros2cv
[1.658s] running install
[1.659s] running install_lib
[1.661s] copying /home/rqxx/roscv/build/ros2cv/build/lib/ros2cv/roscv.py -> /home/rqxx/roscv/install/ros2cv/lib/python3.8/site-packages/ros2cv
[1.663s] byte-compiling /home/rqxx/roscv/install/ros2cv/lib/python3.8/site-packages/ros2cv/roscv.py to roscv.cpython-38.pyc
[1.667s] running install_data
[1.668s] running install_egg_info
[1.671s] removing '/home/rqxx/roscv/install/ros2cv/lib/python3.8/site-packages/ros2cv-0.0.0-py3.8.egg-info' (and everything under it)
[1.672s] Copying ../../build/ros2cv/ros2cv.egg-info to /home/rqxx/roscv/install/ros2cv/lib/python3.8/site-packages/ros2cv-0.0.0-py3.8.egg-info
[1.674s] running install_scripts
[1.696s] Installing roscv_node script to /home/rqxx/roscv/install/ros2cv/lib/ros2cv
[1.698s] writing list of installed files to '/home/rqxx/roscv/build/ros2cv/install.log'
[1.774s] Invoked command in '/home/rqxx/roscv/src/ros__cv' returned '0': PYTHONPATH=/home/rqxx/roscv/build/ros2cv/prefix_override:/usr/lib/python3/dist-packages/colcon_core/task/python/colcon_distutils_commands:/home/rqxx/roscv/install/ros2cv/lib/python3.8/site-packages:${PYTHONPATH} /usr/bin/python3 -W ignore:setup.py install is deprecated setup.py egg_info --egg-base ../../build/ros2cv build --build-base /home/rqxx/roscv/build/ros2cv/build install --record /home/rqxx/roscv/build/ros2cv/install.log --install-scripts $base/lib/ros2cv --single-version-externally-managed install_data
