[1.500s] Invoking command in '/home/rqxx/roscv/src/ros__cv': PYTHONPATH=/home/rqxx/roscv/build/ros2cv/prefix_override:/usr/lib/python3/dist-packages/colcon_core/task/python/colcon_distutils_commands:/home/rqxx/roscv/install/ros2cv/lib/python3.8/site-packages:${PYTHONPATH} /usr/bin/python3 -W ignore:setup.py install is deprecated setup.py egg_info --egg-base ../../build/ros2cv build --build-base /home/rqxx/roscv/build/ros2cv/build install --record /home/rqxx/roscv/build/ros2cv/install.log --install-scripts $base/lib/ros2cv --single-version-externally-managed install_data
[1.907s] running egg_info
[1.913s] writing ../../build/ros2cv/ros2cv.egg-info/PKG-INFO
[1.914s] writing dependency_links to ../../build/ros2cv/ros2cv.egg-info/dependency_links.txt
[1.916s] writing entry points to ../../build/ros2cv/ros2cv.egg-info/entry_points.txt
[1.920s] writing requirements to ../../build/ros2cv/ros2cv.egg-info/requires.txt
[1.920s] writing top-level names to ../../build/ros2cv/ros2cv.egg-info/top_level.txt
[2.015s] reading manifest file '../../build/ros2cv/ros2cv.egg-info/SOURCES.txt'
[2.019s] writing manifest file '../../build/ros2cv/ros2cv.egg-info/SOURCES.txt'
[2.021s] running build
[2.022s] running build_py
[2.023s] running install
[2.025s] running install_lib
[2.028s] running install_data
[2.029s] running install_egg_info
[2.032s] removing '/home/rqxx/roscv/install/ros2cv/lib/python3.8/site-packages/ros2cv-0.0.0-py3.8.egg-info' (and everything under it)
[2.033s] Copying ../../build/ros2cv/ros2cv.egg-info to /home/rqxx/roscv/install/ros2cv/lib/python3.8/site-packages/ros2cv-0.0.0-py3.8.egg-info
[2.035s] running install_scripts
[2.058s] Installing roscv_node script to /home/rqxx/roscv/install/ros2cv/lib/ros2cv
[2.064s] writing list of installed files to '/home/rqxx/roscv/build/ros2cv/install.log'
[2.140s] Invoked command in '/home/rqxx/roscv/src/ros__cv' returned '0': PYTHONPATH=/home/rqxx/roscv/build/ros2cv/prefix_override:/usr/lib/python3/dist-packages/colcon_core/task/python/colcon_distutils_commands:/home/rqxx/roscv/install/ros2cv/lib/python3.8/site-packages:${PYTHONPATH} /usr/bin/python3 -W ignore:setup.py install is deprecated setup.py egg_info --egg-base ../../build/ros2cv build --build-base /home/rqxx/roscv/build/ros2cv/build install --record /home/rqxx/roscv/build/ros2cv/install.log --install-scripts $base/lib/ros2cv --single-version-externally-managed install_data
