[1.148s] Invoking command in '/home/rqxx/roscv/src/ros__cv': PYTHONPATH=/home/rqxx/roscv/build/ros2cv/prefix_override:/usr/lib/python3/dist-packages/colcon_core/task/python/colcon_distutils_commands:/home/rqxx/roscv/install/ros2cv/lib/python3.8/site-packages:${PYTHONPATH} /usr/bin/python3 -W ignore:setup.py install is deprecated setup.py egg_info --egg-base ../../build/ros2cv build --build-base /home/rqxx/roscv/build/ros2cv/build install --record /home/rqxx/roscv/build/ros2cv/install.log --install-scripts $base/lib/ros2cv --single-version-externally-managed install_data
[1.461s] running egg_info
[1.462s] writing ../../build/ros2cv/ros2cv.egg-info/PKG-INFO
[1.465s] writing dependency_links to ../../build/ros2cv/ros2cv.egg-info/dependency_links.txt
[1.466s] writing entry points to ../../build/ros2cv/ros2cv.egg-info/entry_points.txt
[1.468s] writing requirements to ../../build/ros2cv/ros2cv.egg-info/requires.txt
[1.469s] writing top-level names to ../../build/ros2cv/ros2cv.egg-info/top_level.txt
[1.523s] reading manifest file '../../build/ros2cv/ros2cv.egg-info/SOURCES.txt'
[1.525s] writing manifest file '../../build/ros2cv/ros2cv.egg-info/SOURCES.txt'
[1.529s] running build
[1.530s] running build_py
[1.531s] copying ros2cv/roscv.py -> /home/rqxx/roscv/build/ros2cv/build/lib/ros2cv
[1.533s] running install
[1.534s] running install_lib
[1.536s] copying /home/rqxx/roscv/build/ros2cv/build/lib/ros2cv/roscv.py -> /home/rqxx/roscv/install/ros2cv/lib/python3.8/site-packages/ros2cv
[1.538s] byte-compiling /home/rqxx/roscv/install/ros2cv/lib/python3.8/site-packages/ros2cv/roscv.py to roscv.cpython-38.pyc
[1.542s] running install_data
[1.544s] running install_egg_info
[1.547s] removing '/home/rqxx/roscv/install/ros2cv/lib/python3.8/site-packages/ros2cv-0.0.0-py3.8.egg-info' (and everything under it)
[1.548s] Copying ../../build/ros2cv/ros2cv.egg-info to /home/rqxx/roscv/install/ros2cv/lib/python3.8/site-packages/ros2cv-0.0.0-py3.8.egg-info
[1.550s] running install_scripts
[1.572s] Installing roscv_node script to /home/rqxx/roscv/install/ros2cv/lib/ros2cv
[1.574s] writing list of installed files to '/home/rqxx/roscv/build/ros2cv/install.log'
[1.648s] Invoked command in '/home/rqxx/roscv/src/ros__cv' returned '0': PYTHONPATH=/home/rqxx/roscv/build/ros2cv/prefix_override:/usr/lib/python3/dist-packages/colcon_core/task/python/colcon_distutils_commands:/home/rqxx/roscv/install/ros2cv/lib/python3.8/site-packages:${PYTHONPATH} /usr/bin/python3 -W ignore:setup.py install is deprecated setup.py egg_info --egg-base ../../build/ros2cv build --build-base /home/rqxx/roscv/build/ros2cv/build install --record /home/rqxx/roscv/build/ros2cv/install.log --install-scripts $base/lib/ros2cv --single-version-externally-managed install_data
