[1.491s] Invoking command in '/home/rqxx/roscv/src/ros__cv': PYTHONPATH=/home/rqxx/roscv/build/ros2cv/prefix_override:/usr/lib/python3/dist-packages/colcon_core/task/python/colcon_distutils_commands:/home/rqxx/roscv/install/ros2cv/lib/python3.8/site-packages:${PYTHONPATH} /usr/bin/python3 -W ignore:setup.py install is deprecated setup.py egg_info --egg-base ../../build/ros2cv build --build-base /home/rqxx/roscv/build/ros2cv/build install --record /home/rqxx/roscv/build/ros2cv/install.log --install-scripts $base/lib/ros2cv --single-version-externally-managed install_data
[1.843s] running egg_info
[1.845s] writing ../../build/ros2cv/ros2cv.egg-info/PKG-INFO
[1.848s] writing dependency_links to ../../build/ros2cv/ros2cv.egg-info/dependency_links.txt
[1.849s] writing entry points to ../../build/ros2cv/ros2cv.egg-info/entry_points.txt
[1.850s] writing requirements to ../../build/ros2cv/ros2cv.egg-info/requires.txt
[1.851s] writing top-level names to ../../build/ros2cv/ros2cv.egg-info/top_level.txt
[1.896s] reading manifest file '../../build/ros2cv/ros2cv.egg-info/SOURCES.txt'
[1.899s] writing manifest file '../../build/ros2cv/ros2cv.egg-info/SOURCES.txt'
[1.900s] running build
[1.901s] running build_py
[1.901s] copying ros2cv/roscv.py -> /home/rqxx/roscv/build/ros2cv/build/lib/ros2cv
[1.903s] running install
[1.905s] running install_lib
[1.906s] copying /home/rqxx/roscv/build/ros2cv/build/lib/ros2cv/roscv.py -> /home/rqxx/roscv/install/ros2cv/lib/python3.8/site-packages/ros2cv
[1.908s] byte-compiling /home/rqxx/roscv/install/ros2cv/lib/python3.8/site-packages/ros2cv/roscv.py to roscv.cpython-38.pyc
[1.916s] running install_data
[1.916s] running install_egg_info
[1.920s] removing '/home/rqxx/roscv/install/ros2cv/lib/python3.8/site-packages/ros2cv-0.0.0-py3.8.egg-info' (and everything under it)
[1.921s] Copying ../../build/ros2cv/ros2cv.egg-info to /home/rqxx/roscv/install/ros2cv/lib/python3.8/site-packages/ros2cv-0.0.0-py3.8.egg-info
[1.925s] running install_scripts
[1.953s] Installing roscv_node script to /home/rqxx/roscv/install/ros2cv/lib/ros2cv
[1.956s] writing list of installed files to '/home/rqxx/roscv/build/ros2cv/install.log'
[2.015s] Invoked command in '/home/rqxx/roscv/src/ros__cv' returned '0': PYTHONPATH=/home/rqxx/roscv/build/ros2cv/prefix_override:/usr/lib/python3/dist-packages/colcon_core/task/python/colcon_distutils_commands:/home/rqxx/roscv/install/ros2cv/lib/python3.8/site-packages:${PYTHONPATH} /usr/bin/python3 -W ignore:setup.py install is deprecated setup.py egg_info --egg-base ../../build/ros2cv build --build-base /home/rqxx/roscv/build/ros2cv/build install --record /home/rqxx/roscv/build/ros2cv/install.log --install-scripts $base/lib/ros2cv --single-version-externally-managed install_data
