[1.436s] Invoking command in '/home/rqxx/roscv/src/ros__cv': PYTHONPATH=/home/rqxx/roscv/build/ros2cv/prefix_override:/usr/lib/python3/dist-packages/colcon_core/task/python/colcon_distutils_commands:/home/rqxx/roscv/install/ros2cv/lib/python3.8/site-packages:${PYTHONPATH} /usr/bin/python3 -W ignore:setup.py install is deprecated setup.py egg_info --egg-base ../../build/ros2cv build --build-base /home/rqxx/roscv/build/ros2cv/build install --record /home/rqxx/roscv/build/ros2cv/install.log --install-scripts $base/lib/ros2cv --single-version-externally-managed install_data
[1.814s] running egg_info
[1.818s] writing ../../build/ros2cv/ros2cv.egg-info/PKG-INFO
[1.821s] writing dependency_links to ../../build/ros2cv/ros2cv.egg-info/dependency_links.txt
[1.822s] writing entry points to ../../build/ros2cv/ros2cv.egg-info/entry_points.txt
[1.824s] writing requirements to ../../build/ros2cv/ros2cv.egg-info/requires.txt
[1.825s] writing top-level names to ../../build/ros2cv/ros2cv.egg-info/top_level.txt
[1.893s] reading manifest file '../../build/ros2cv/ros2cv.egg-info/SOURCES.txt'
[1.894s] writing manifest file '../../build/ros2cv/ros2cv.egg-info/SOURCES.txt'
[1.896s] running build
[1.897s] running build_py
[1.898s] running install
[1.900s] running install_lib
[1.903s] running install_data
[1.904s] running install_egg_info
[1.911s] removing '/home/rqxx/roscv/install/ros2cv/lib/python3.8/site-packages/ros2cv-0.0.0-py3.8.egg-info' (and everything under it)
[1.911s] Copying ../../build/ros2cv/ros2cv.egg-info to /home/rqxx/roscv/install/ros2cv/lib/python3.8/site-packages/ros2cv-0.0.0-py3.8.egg-info
[1.915s] running install_scripts
[1.949s] Installing roscv_node script to /home/rqxx/roscv/install/ros2cv/lib/ros2cv
[1.952s] writing list of installed files to '/home/rqxx/roscv/build/ros2cv/install.log'
[1.995s] Invoked command in '/home/rqxx/roscv/src/ros__cv' returned '0': PYTHONPATH=/home/rqxx/roscv/build/ros2cv/prefix_override:/usr/lib/python3/dist-packages/colcon_core/task/python/colcon_distutils_commands:/home/rqxx/roscv/install/ros2cv/lib/python3.8/site-packages:${PYTHONPATH} /usr/bin/python3 -W ignore:setup.py install is deprecated setup.py egg_info --egg-base ../../build/ros2cv build --build-base /home/rqxx/roscv/build/ros2cv/build install --record /home/rqxx/roscv/build/ros2cv/install.log --install-scripts $base/lib/ros2cv --single-version-externally-managed install_data
