[0.725s] DEBUG:colcon:Command line arguments: ['/usr/bin/colcon', 'build']
[0.726s] DEBUG:colcon:Parsed command line arguments: Namespace(allow_overriding=[], ament_cmake_args=None, base_paths=['.'], build_base='build', catkin_cmake_args=None, catkin_skip_building_tests=False, cmake_args=None, cmake_clean_cache=False, cmake_clean_first=False, cmake_force_configure=False, cmake_target=None, cmake_target_skip_unavailable=False, continue_on_error=False, event_handlers=None, executor='parallel', ignore_user_meta=False, install_base='install', log_base=None, log_level=None, main=<bound method BuildVerb.main of <colcon_core.verb.build.BuildVerb object at 0x7f519b0401c0>>, merge_install=False, metas=['./colcon.meta'], packages_above=None, packages_above_and_dependencies=None, packages_above_depth=None, packages_end=None, packages_ignore=None, packages_ignore_regex=None, packages_select=None, packages_select_build_failed=False, packages_select_by_dep=None, packages_select_regex=None, packages_select_test_failures=False, packages_skip=None, packages_skip_build_finished=False, packages_skip_by_dep=None, packages_skip_regex=None, packages_skip_test_passed=False, packages_skip_up_to=None, packages_start=None, packages_up_to=None, packages_up_to_regex=None, parallel_workers=1, paths=None, symlink_install=False, test_result_base=None, verb_extension=<colcon_core.verb.build.BuildVerb object at 0x7f519b0401c0>, verb_name='build', verb_parser=<colcon_defaults.argument_parser.defaults.DefaultArgumentsDecorator object at 0x7f519b0406d0>)
[1.044s] Level 1:colcon.colcon_core.package_discovery:discover_packages(colcon_meta) check parameters
[1.045s] Level 1:colcon.colcon_core.package_discovery:discover_packages(recursive) check parameters
[1.045s] Level 1:colcon.colcon_core.package_discovery:discover_packages(ignore) check parameters
[1.045s] Level 1:colcon.colcon_core.package_discovery:discover_packages(path) check parameters
[1.045s] Level 1:colcon.colcon_core.package_discovery:discover_packages(colcon_meta) discover
[1.045s] Level 1:colcon.colcon_core.package_discovery:discover_packages(recursive) discover
[1.046s] INFO:colcon.colcon_core.package_discovery:Crawling recursively for packages in '/home/rqxx/roscv'
[1.046s] Level 1:colcon.colcon_core.package_identification:_identify(.) by extensions ['ignore', 'ignore_ament_install']
[1.046s] Level 1:colcon.colcon_core.package_identification:_identify(.) by extension 'ignore'
[1.047s] Level 1:colcon.colcon_core.package_identification:_identify(.) by extension 'ignore_ament_install'
[1.047s] Level 1:colcon.colcon_core.package_identification:_identify(.) by extensions ['colcon_pkg']
[1.047s] Level 1:colcon.colcon_core.package_identification:_identify(.) by extension 'colcon_pkg'
[1.047s] Level 1:colcon.colcon_core.package_identification:_identify(.) by extensions ['colcon_meta']
[1.048s] Level 1:colcon.colcon_core.package_identification:_identify(.) by extension 'colcon_meta'
[1.048s] Level 1:colcon.colcon_core.package_identification:_identify(.) by extensions ['ros']
[1.048s] Level 1:colcon.colcon_core.package_identification:_identify(.) by extension 'ros'
[1.084s] Level 1:colcon.colcon_core.package_identification:_identify(.) by extensions ['cmake', 'python']
[1.084s] Level 1:colcon.colcon_core.package_identification:_identify(.) by extension 'cmake'
[1.084s] Level 1:colcon.colcon_core.package_identification:_identify(.) by extension 'python'
[1.084s] Level 1:colcon.colcon_core.package_identification:_identify(.) by extensions ['python_setup_py']
[1.085s] Level 1:colcon.colcon_core.package_identification:_identify(.) by extension 'python_setup_py'
[1.085s] Level 1:colcon.colcon_core.package_identification:_identify(build) by extensions ['ignore', 'ignore_ament_install']
[1.085s] Level 1:colcon.colcon_core.package_identification:_identify(build) by extension 'ignore'
[1.085s] Level 1:colcon.colcon_core.package_identification:_identify(build) ignored
[1.086s] Level 1:colcon.colcon_core.package_identification:_identify(install) by extensions ['ignore', 'ignore_ament_install']
[1.086s] Level 1:colcon.colcon_core.package_identification:_identify(install) by extension 'ignore'
[1.086s] Level 1:colcon.colcon_core.package_identification:_identify(install) ignored
[1.086s] Level 1:colcon.colcon_core.package_identification:_identify(log) by extensions ['ignore', 'ignore_ament_install']
[1.086s] Level 1:colcon.colcon_core.package_identification:_identify(log) by extension 'ignore'
[1.086s] Level 1:colcon.colcon_core.package_identification:_identify(log) ignored
[1.087s] Level 1:colcon.colcon_core.package_identification:_identify(src) by extensions ['ignore', 'ignore_ament_install']
[1.087s] Level 1:colcon.colcon_core.package_identification:_identify(src) by extension 'ignore'
[1.087s] Level 1:colcon.colcon_core.package_identification:_identify(src) by extension 'ignore_ament_install'
[1.087s] Level 1:colcon.colcon_core.package_identification:_identify(src) by extensions ['colcon_pkg']
[1.087s] Level 1:colcon.colcon_core.package_identification:_identify(src) by extension 'colcon_pkg'
[1.087s] Level 1:colcon.colcon_core.package_identification:_identify(src) by extensions ['colcon_meta']
[1.088s] Level 1:colcon.colcon_core.package_identification:_identify(src) by extension 'colcon_meta'
[1.088s] Level 1:colcon.colcon_core.package_identification:_identify(src) by extensions ['ros']
[1.088s] Level 1:colcon.colcon_core.package_identification:_identify(src) by extension 'ros'
[1.088s] Level 1:colcon.colcon_core.package_identification:_identify(src) by extensions ['cmake', 'python']
[1.088s] Level 1:colcon.colcon_core.package_identification:_identify(src) by extension 'cmake'
[1.088s] Level 1:colcon.colcon_core.package_identification:_identify(src) by extension 'python'
[1.089s] Level 1:colcon.colcon_core.package_identification:_identify(src) by extensions ['python_setup_py']
[1.089s] Level 1:colcon.colcon_core.package_identification:_identify(src) by extension 'python_setup_py'
[1.089s] Level 1:colcon.colcon_core.package_identification:_identify(src/ros2cv) by extensions ['ignore', 'ignore_ament_install']
[1.089s] Level 1:colcon.colcon_core.package_identification:_identify(src/ros2cv) by extension 'ignore'
[1.089s] Level 1:colcon.colcon_core.package_identification:_identify(src/ros2cv) by extension 'ignore_ament_install'
[1.090s] Level 1:colcon.colcon_core.package_identification:_identify(src/ros2cv) by extensions ['colcon_pkg']
[1.090s] Level 1:colcon.colcon_core.package_identification:_identify(src/ros2cv) by extension 'colcon_pkg'
[1.090s] Level 1:colcon.colcon_core.package_identification:_identify(src/ros2cv) by extensions ['colcon_meta']
[1.090s] Level 1:colcon.colcon_core.package_identification:_identify(src/ros2cv) by extension 'colcon_meta'
[1.090s] Level 1:colcon.colcon_core.package_identification:_identify(src/ros2cv) by extensions ['ros']
[1.090s] Level 1:colcon.colcon_core.package_identification:_identify(src/ros2cv) by extension 'ros'
[1.098s] DEBUG:colcon.colcon_core.package_identification:Package 'src/ros2cv' with type 'ros.ament_python' and name 'ros2cv'
[1.098s] Level 1:colcon.colcon_core.package_discovery:discover_packages(recursive) using defaults
[1.098s] Level 1:colcon.colcon_core.package_discovery:discover_packages(ignore) discover
[1.098s] Level 1:colcon.colcon_core.package_discovery:discover_packages(ignore) using defaults
[1.098s] Level 1:colcon.colcon_core.package_discovery:discover_packages(path) discover
[1.099s] Level 1:colcon.colcon_core.package_discovery:discover_packages(path) using defaults
[1.138s] Level 1:colcon.colcon_core.package_discovery:discover_packages(prefix_path) check parameters
[1.138s] Level 1:colcon.colcon_core.package_discovery:discover_packages(prefix_path) discover
[1.146s] DEBUG:colcon.colcon_installed_package_information.package_discovery:Found 264 installed packages in /opt/ros/foxy
[1.148s] Level 1:colcon.colcon_core.package_discovery:discover_packages(prefix_path) using defaults
[1.417s] Level 5:colcon.colcon_core.verb:set package 'ros2cv' build argument 'cmake_args' from command line to 'None'
[1.417s] Level 5:colcon.colcon_core.verb:set package 'ros2cv' build argument 'cmake_target' from command line to 'None'
[1.423s] Level 5:colcon.colcon_core.verb:set package 'ros2cv' build argument 'cmake_target_skip_unavailable' from command line to 'False'
[1.423s] Level 5:colcon.colcon_core.verb:set package 'ros2cv' build argument 'cmake_clean_cache' from command line to 'False'
[1.423s] Level 5:colcon.colcon_core.verb:set package 'ros2cv' build argument 'cmake_clean_first' from command line to 'False'
[1.423s] Level 5:colcon.colcon_core.verb:set package 'ros2cv' build argument 'cmake_force_configure' from command line to 'False'
[1.423s] Level 5:colcon.colcon_core.verb:set package 'ros2cv' build argument 'ament_cmake_args' from command line to 'None'
[1.423s] Level 5:colcon.colcon_core.verb:set package 'ros2cv' build argument 'catkin_cmake_args' from command line to 'None'
[1.423s] Level 5:colcon.colcon_core.verb:set package 'ros2cv' build argument 'catkin_skip_building_tests' from command line to 'False'
[1.423s] DEBUG:colcon.colcon_core.verb:Building package 'ros2cv' with the following arguments: {'ament_cmake_args': None, 'build_base': '/home/rqxx/roscv/build/ros2cv', 'catkin_cmake_args': None, 'catkin_skip_building_tests': False, 'cmake_args': None, 'cmake_clean_cache': False, 'cmake_clean_first': False, 'cmake_force_configure': False, 'cmake_target': None, 'cmake_target_skip_unavailable': False, 'install_base': '/home/rqxx/roscv/install/ros2cv', 'merge_install': False, 'path': '/home/rqxx/roscv/src/ros2cv', 'symlink_install': False, 'test_result_base': None}
[1.423s] INFO:colcon.colcon_core.executor:Executing jobs using 'parallel' executor
[1.424s] DEBUG:colcon.colcon_parallel_executor.executor.parallel:run_until_complete
[1.424s] INFO:colcon.colcon_ros.task.ament_python.build:Building ROS package in '/home/rqxx/roscv/src/ros2cv' with build type 'ament_python'
[1.425s] Level 1:colcon.colcon_core.shell:create_environment_hook('ros2cv', 'ament_prefix_path')
[1.438s] INFO:colcon.colcon_core.plugin_system:Skipping extension 'colcon_core.shell.bat': Not used on non-Windows systems
[1.438s] INFO:colcon.colcon_core.shell:Creating environment hook '/home/rqxx/roscv/install/ros2cv/share/ros2cv/hook/ament_prefix_path.ps1'
[1.441s] INFO:colcon.colcon_core.shell:Creating environment descriptor '/home/rqxx/roscv/install/ros2cv/share/ros2cv/hook/ament_prefix_path.dsv'
[1.442s] INFO:colcon.colcon_core.shell:Creating environment hook '/home/rqxx/roscv/install/ros2cv/share/ros2cv/hook/ament_prefix_path.sh'
[1.443s] INFO:colcon.colcon_core.shell:Skip shell extension 'powershell' for command environment: Not usable outside of PowerShell
[1.443s] DEBUG:colcon.colcon_core.shell:Skip shell extension 'dsv' for command environment
[2.139s] INFO:colcon.colcon_core.task.python.build:Building Python package in '/home/rqxx/roscv/src/ros2cv'
[2.139s] INFO:colcon.colcon_core.shell:Skip shell extension 'powershell' for command environment: Not usable outside of PowerShell
[2.140s] DEBUG:colcon.colcon_core.shell:Skip shell extension 'dsv' for command environment
[3.183s] DEBUG:colcon.colcon_core.event_handler.log_command:Invoking command in '/home/rqxx/roscv/src/ros2cv': PYTHONPATH=/home/rqxx/roscv/build/ros2cv/prefix_override:/usr/lib/python3/dist-packages/colcon_core/task/python/colcon_distutils_commands:/home/rqxx/roscv/install/ros2cv/lib/python3.8/site-packages:${PYTHONPATH} /usr/bin/python3 -W ignore:setup.py install is deprecated setup.py egg_info --egg-base ../../build/ros2cv build --build-base /home/rqxx/roscv/build/ros2cv/build install --record /home/rqxx/roscv/build/ros2cv/install.log --install-scripts $base/lib/ros2cv --single-version-externally-managed install_data
[3.739s] DEBUG:colcon.colcon_core.event_handler.log_command:Invoked command in '/home/rqxx/roscv/src/ros2cv' returned '0': PYTHONPATH=/home/rqxx/roscv/build/ros2cv/prefix_override:/usr/lib/python3/dist-packages/colcon_core/task/python/colcon_distutils_commands:/home/rqxx/roscv/install/ros2cv/lib/python3.8/site-packages:${PYTHONPATH} /usr/bin/python3 -W ignore:setup.py install is deprecated setup.py egg_info --egg-base ../../build/ros2cv build --build-base /home/rqxx/roscv/build/ros2cv/build install --record /home/rqxx/roscv/build/ros2cv/install.log --install-scripts $base/lib/ros2cv --single-version-externally-managed install_data
[3.784s] Level 1:colcon.colcon_core.environment:checking '/home/rqxx/roscv/install/ros2cv' for CMake module files
[3.785s] Level 1:colcon.colcon_core.environment:checking '/home/rqxx/roscv/install/ros2cv' for CMake config files
[3.787s] Level 1:colcon.colcon_core.environment:checking '/home/rqxx/roscv/install/ros2cv/lib'
[3.787s] Level 1:colcon.colcon_core.environment:checking '/home/rqxx/roscv/install/ros2cv/bin'
[3.787s] Level 1:colcon.colcon_core.environment:checking '/home/rqxx/roscv/install/ros2cv/lib/pkgconfig/ros2cv.pc'
[3.788s] Level 1:colcon.colcon_core.environment:checking '/home/rqxx/roscv/install/ros2cv/lib/python3.8/site-packages'
[3.788s] Level 1:colcon.colcon_core.shell:create_environment_hook('ros2cv', 'pythonpath')
[3.790s] INFO:colcon.colcon_core.shell:Creating environment hook '/home/rqxx/roscv/install/ros2cv/share/ros2cv/hook/pythonpath.ps1'
[3.790s] INFO:colcon.colcon_core.shell:Creating environment descriptor '/home/rqxx/roscv/install/ros2cv/share/ros2cv/hook/pythonpath.dsv'
[3.791s] INFO:colcon.colcon_core.shell:Creating environment hook '/home/rqxx/roscv/install/ros2cv/share/ros2cv/hook/pythonpath.sh'
[3.792s] Level 1:colcon.colcon_core.environment:checking '/home/rqxx/roscv/install/ros2cv/bin'
[3.792s] Level 1:colcon.colcon_core.environment:create_environment_scripts_only(ros2cv)
[3.792s] INFO:colcon.colcon_core.shell:Creating package script '/home/rqxx/roscv/install/ros2cv/share/ros2cv/package.ps1'
[3.794s] INFO:colcon.colcon_core.shell:Creating package descriptor '/home/rqxx/roscv/install/ros2cv/share/ros2cv/package.dsv'
[3.795s] INFO:colcon.colcon_core.shell:Creating package script '/home/rqxx/roscv/install/ros2cv/share/ros2cv/package.sh'
[3.797s] INFO:colcon.colcon_core.shell:Creating package script '/home/rqxx/roscv/install/ros2cv/share/ros2cv/package.bash'
[3.800s] INFO:colcon.colcon_core.shell:Creating package script '/home/rqxx/roscv/install/ros2cv/share/ros2cv/package.zsh'
[3.801s] Level 1:colcon.colcon_core.environment:create_file_with_runtime_dependencies(/home/rqxx/roscv/install/ros2cv/share/colcon-core/packages/ros2cv)
[3.803s] DEBUG:colcon.colcon_parallel_executor.executor.parallel:closing loop
[3.804s] DEBUG:colcon.colcon_parallel_executor.executor.parallel:loop closed
[3.804s] DEBUG:colcon.colcon_parallel_executor.executor.parallel:run_until_complete finished with '0'
[3.804s] DEBUG:colcon.colcon_core.event_reactor:joining thread
[3.831s] INFO:colcon.colcon_core.plugin_system:Skipping extension 'colcon_notification.desktop_notification.terminal_notifier': Not used on non-Darwin systems
[3.832s] INFO:colcon.colcon_core.plugin_system:Skipping extension 'colcon_notification.desktop_notification.win32': Not used on non-Windows systems
[3.832s] INFO:colcon.colcon_notification.desktop_notification:Sending desktop notification using 'notify2'
[4.041s] DEBUG:colcon.colcon_core.event_reactor:joined thread
[4.041s] INFO:colcon.colcon_core.shell:Creating prefix script '/home/rqxx/roscv/install/local_setup.ps1'
[4.043s] INFO:colcon.colcon_core.shell:Creating prefix util module '/home/rqxx/roscv/install/_local_setup_util_ps1.py'
[4.048s] INFO:colcon.colcon_core.shell:Creating prefix chain script '/home/rqxx/roscv/install/setup.ps1'
[4.050s] INFO:colcon.colcon_core.shell:Creating prefix script '/home/rqxx/roscv/install/local_setup.sh'
[4.052s] INFO:colcon.colcon_core.shell:Creating prefix util module '/home/rqxx/roscv/install/_local_setup_util_sh.py'
[4.053s] INFO:colcon.colcon_core.shell:Creating prefix chain script '/home/rqxx/roscv/install/setup.sh'
[4.058s] INFO:colcon.colcon_core.shell:Creating prefix script '/home/rqxx/roscv/install/local_setup.bash'
[4.059s] INFO:colcon.colcon_core.shell:Creating prefix chain script '/home/rqxx/roscv/install/setup.bash'
[4.065s] INFO:colcon.colcon_core.shell:Creating prefix script '/home/rqxx/roscv/install/local_setup.zsh'
[4.067s] INFO:colcon.colcon_core.shell:Creating prefix chain script '/home/rqxx/roscv/install/setup.zsh'
