running egg_info
creating ../../build/ros2cv/ros2cv.egg-info
writing ../../build/ros2cv/ros2cv.egg-info/PKG-INFO
writing dependency_links to ../../build/ros2cv/ros2cv.egg-info/dependency_links.txt
writing entry points to ../../build/ros2cv/ros2cv.egg-info/entry_points.txt
writing requirements to ../../build/ros2cv/ros2cv.egg-info/requires.txt
writing top-level names to ../../build/ros2cv/ros2cv.egg-info/top_level.txt
writing manifest file '../../build/ros2cv/ros2cv.egg-info/SOURCES.txt'
reading manifest file '../../build/ros2cv/ros2cv.egg-info/SOURCES.txt'
writing manifest file '../../build/ros2cv/ros2cv.egg-info/SOURCES.txt'
running build
running build_py
creating /home/rqxx/roscv/build/ros2cv/build
creating /home/rqxx/roscv/build/ros2cv/build/lib
creating /home/rqxx/roscv/build/ros2cv/build/lib/ros2cv
copying ros2cv/roscv.py -> /home/rqxx/roscv/build/ros2cv/build/lib/ros2cv
copying ros2cv/__init__.py -> /home/rqxx/roscv/build/ros2cv/build/lib/ros2cv
running install
running install_lib
creating /home/rqxx/roscv/install/ros2cv/lib/python3.8/site-packages/ros2cv
copying /home/rqxx/roscv/build/ros2cv/build/lib/ros2cv/roscv.py -> /home/rqxx/roscv/install/ros2cv/lib/python3.8/site-packages/ros2cv
copying /home/rqxx/roscv/build/ros2cv/build/lib/ros2cv/__init__.py -> /home/rqxx/roscv/install/ros2cv/lib/python3.8/site-packages/ros2cv
byte-compiling /home/rqxx/roscv/install/ros2cv/lib/python3.8/site-packages/ros2cv/roscv.py to roscv.cpython-38.pyc
byte-compiling /home/rqxx/roscv/install/ros2cv/lib/python3.8/site-packages/ros2cv/__init__.py to __init__.cpython-38.pyc
running install_data
creating /home/rqxx/roscv/install/ros2cv/share/ament_index
creating /home/rqxx/roscv/install/ros2cv/share/ament_index/resource_index
creating /home/rqxx/roscv/install/ros2cv/share/ament_index/resource_index/packages
copying resource/ros2cv -> /home/rqxx/roscv/install/ros2cv/share/ament_index/resource_index/packages
copying package.xml -> /home/rqxx/roscv/install/ros2cv/share/ros2cv
running install_egg_info
Copying ../../build/ros2cv/ros2cv.egg-info to /home/rqxx/roscv/install/ros2cv/lib/python3.8/site-packages/ros2cv-0.0.0-py3.8.egg-info
running install_scripts
writing list of installed files to '/home/rqxx/roscv/build/ros2cv/install.log'
