[1.137s] Invoking command in '/home/rqxx/roscv/src/ros__cv': PYTHONPATH=/home/rqxx/roscv/build/ros2cv/prefix_override:/usr/lib/python3/dist-packages/colcon_core/task/python/colcon_distutils_commands:/home/rqxx/roscv/install/ros2cv/lib/python3.8/site-packages:${PYTHONPATH} /usr/bin/python3 -W ignore:setup.py install is deprecated setup.py egg_info --egg-base ../../build/ros2cv build --build-base /home/rqxx/roscv/build/ros2cv/build install --record /home/rqxx/roscv/build/ros2cv/install.log --install-scripts $base/lib/ros2cv --single-version-externally-managed install_data
[1.458s] running egg_info
[1.460s] writing ../../build/ros2cv/ros2cv.egg-info/PKG-INFO
[1.462s] writing dependency_links to ../../build/ros2cv/ros2cv.egg-info/dependency_links.txt
[1.463s] writing entry points to ../../build/ros2cv/ros2cv.egg-info/entry_points.txt
[1.465s] writing requirements to ../../build/ros2cv/ros2cv.egg-info/requires.txt
[1.466s] writing top-level names to ../../build/ros2cv/ros2cv.egg-info/top_level.txt
[1.524s] reading manifest file '../../build/ros2cv/ros2cv.egg-info/SOURCES.txt'
[1.528s] writing manifest file '../../build/ros2cv/ros2cv.egg-info/SOURCES.txt'
[1.530s] running build
[1.532s] running build_py
[1.533s] copying ros2cv/roscv.py -> /home/rqxx/roscv/build/ros2cv/build/lib/ros2cv
[1.535s] running install
[1.537s] running install_lib
[1.541s] copying /home/rqxx/roscv/build/ros2cv/build/lib/ros2cv/roscv.py -> /home/rqxx/roscv/install/ros2cv/lib/python3.8/site-packages/ros2cv
[1.542s] byte-compiling /home/rqxx/roscv/install/ros2cv/lib/python3.8/site-packages/ros2cv/roscv.py to roscv.cpython-38.pyc
[1.550s] running install_data
[1.550s] running install_egg_info
[1.554s] removing '/home/rqxx/roscv/install/ros2cv/lib/python3.8/site-packages/ros2cv-0.0.0-py3.8.egg-info' (and everything under it)
[1.555s] Copying ../../build/ros2cv/ros2cv.egg-info to /home/rqxx/roscv/install/ros2cv/lib/python3.8/site-packages/ros2cv-0.0.0-py3.8.egg-info
[1.557s] running install_scripts
[1.581s] Installing roscv_node script to /home/rqxx/roscv/install/ros2cv/lib/ros2cv
[1.584s] writing list of installed files to '/home/rqxx/roscv/build/ros2cv/install.log'
[1.649s] Invoked command in '/home/rqxx/roscv/src/ros__cv' returned '0': PYTHONPATH=/home/rqxx/roscv/build/ros2cv/prefix_override:/usr/lib/python3/dist-packages/colcon_core/task/python/colcon_distutils_commands:/home/rqxx/roscv/install/ros2cv/lib/python3.8/site-packages:${PYTHONPATH} /usr/bin/python3 -W ignore:setup.py install is deprecated setup.py egg_info --egg-base ../../build/ros2cv build --build-base /home/rqxx/roscv/build/ros2cv/build install --record /home/rqxx/roscv/build/ros2cv/install.log --install-scripts $base/lib/ros2cv --single-version-externally-managed install_data
