[1.201s] Invoking command in '/home/rqxx/roscv/src/ros__cv': PYTHONPATH=/home/rqxx/roscv/build/ros2cv/prefix_override:/usr/lib/python3/dist-packages/colcon_core/task/python/colcon_distutils_commands:/home/rqxx/roscv/install/ros2cv/lib/python3.8/site-packages:${PYTHONPATH} /usr/bin/python3 -W ignore:setup.py install is deprecated setup.py egg_info --egg-base ../../build/ros2cv build --build-base /home/rqxx/roscv/build/ros2cv/build install --record /home/rqxx/roscv/build/ros2cv/install.log --install-scripts $base/lib/ros2cv --single-version-externally-managed install_data
[1.515s] running egg_info
[1.516s] writing ../../build/ros2cv/ros2cv.egg-info/PKG-INFO
[1.518s] writing dependency_links to ../../build/ros2cv/ros2cv.egg-info/dependency_links.txt
[1.525s] writing entry points to ../../build/ros2cv/ros2cv.egg-info/entry_points.txt
[1.528s] writing requirements to ../../build/ros2cv/ros2cv.egg-info/requires.txt
[1.530s] writing top-level names to ../../build/ros2cv/ros2cv.egg-info/top_level.txt
[1.577s] reading manifest file '../../build/ros2cv/ros2cv.egg-info/SOURCES.txt'
[1.579s] writing manifest file '../../build/ros2cv/ros2cv.egg-info/SOURCES.txt'
[1.584s] running build
[1.584s] running build_py
[1.585s] copying ros2cv/roscv.py -> /home/rqxx/roscv/build/ros2cv/build/lib/ros2cv
[1.587s] running install
[1.590s] running install_lib
[1.593s] copying /home/rqxx/roscv/build/ros2cv/build/lib/ros2cv/roscv.py -> /home/rqxx/roscv/install/ros2cv/lib/python3.8/site-packages/ros2cv
[1.597s] byte-compiling /home/rqxx/roscv/install/ros2cv/lib/python3.8/site-packages/ros2cv/roscv.py to roscv.cpython-38.pyc
[1.601s] running install_data
[1.603s] running install_egg_info
[1.608s] removing '/home/rqxx/roscv/install/ros2cv/lib/python3.8/site-packages/ros2cv-0.0.0-py3.8.egg-info' (and everything under it)
[1.609s] Copying ../../build/ros2cv/ros2cv.egg-info to /home/rqxx/roscv/install/ros2cv/lib/python3.8/site-packages/ros2cv-0.0.0-py3.8.egg-info
[1.610s] running install_scripts
[1.638s] Installing roscv_node script to /home/rqxx/roscv/install/ros2cv/lib/ros2cv
[1.640s] writing list of installed files to '/home/rqxx/roscv/build/ros2cv/install.log'
[1.699s] Invoked command in '/home/rqxx/roscv/src/ros__cv' returned '0': PYTHONPATH=/home/rqxx/roscv/build/ros2cv/prefix_override:/usr/lib/python3/dist-packages/colcon_core/task/python/colcon_distutils_commands:/home/rqxx/roscv/install/ros2cv/lib/python3.8/site-packages:${PYTHONPATH} /usr/bin/python3 -W ignore:setup.py install is deprecated setup.py egg_info --egg-base ../../build/ros2cv build --build-base /home/rqxx/roscv/build/ros2cv/build install --record /home/rqxx/roscv/build/ros2cv/install.log --install-scripts $base/lib/ros2cv --single-version-externally-managed install_data
